<?xml version="1.0" encoding="UTF-8"?>
<!-- Generated by org.testng.reporters.JUnitXMLReporter -->
<testsuite ignored="0" hostname="admin" failures="0" tests="3" name="APITestSuite" time="1.657" errors="0" timestamp="2025-08-04T12:30:53 IST">
  <testcase classname="demoTests.APIDemoPostTest" name="ApiPostTest" time="1.497"/>
  <testcase classname="demoTests.ApiDemoGetTest" name="apiGetTest" time="0.068"/>
  <testcase classname="demoTests.ApiDemoDeleteTest" name="apiDeleteTest" time="0.06"/>
</testsuite> <!-- APITestSuite -->
